Board with ID
__ __ __ __ __ __ 
__ fi __ __ __ __ 
__ __ __ __ __ __ 
__ __ __ Ch __ __ 
__ __ __ __ __ __ 
__ __ __ AR __ __ 
Board with ID
__ __ __ __ __ __ 
__ 11 __ __ __ __ 
__ __ __ __ __ __ 
__ __ __ Ch __ __ 
__ __ __ __ __ __ 
__ __ __ 12 __ __ 
Turn 1 has started.
Player 11 moved from (1/1) to (2/1)
__ __ __ __ __ __ 
__ __ fi __ __ __ 
__ __ __ __ __ __ 
__ __ __ Ch __ __ 
__ __ __ __ __ __ 
__ __ __ AR __ __ 
--------------
__ __ __ __ __ __ 
__ __ 11 __ __ __ 
__ __ __ __ __ __ 
__ __ __ Ch __ __ 
__ __ __ __ __ __ 
__ __ __ 12 __ __ 
Turn 2 has started.
Player 11 moved from (2/1) to (3/1)
__ __ __ __ __ __ 
__ __ __ fi __ __ 
__ __ __ __ __ __ 
__ __ __ Ch __ __ 
__ __ __ __ __ __ 
__ __ __ AR __ __ 
--------------
__ __ __ __ __ __ 
__ __ __ 11 __ __ 
__ __ __ __ __ __ 
__ __ __ Ch __ __ 
__ __ __ __ __ __ 
__ __ __ 12 __ __ 
Turn 3 has started.
Player 11 moved from (3/1) to (3/2)
__ __ __ __ __ __ 
__ __ __ __ __ __ 
__ __ __ fi __ __ 
__ __ __ Ch __ __ 
__ __ __ __ __ __ 
__ __ __ AR __ __ 
--------------
__ __ __ __ __ __ 
__ __ __ __ __ __ 
__ __ __ 11 __ __ 
__ __ __ Ch __ __ 
__ __ __ __ __ __ 
__ __ __ 12 __ __ 
Turn 4 has started.
Player 11 moved from (3/2) to (3/3)
Player 12 attacked Player 11 (50)
__ __ __ __ __ __ 
__ __ __ __ __ __ 
__ __ __ __ __ __ 
__ __ __ fi __ __ 
__ __ __ __ __ __ 
__ __ __ AR __ __ 
--------------
__ __ __ __ __ __ 
__ __ __ __ __ __ 
__ __ __ __ __ __ 
__ __ __ 11 __ __ 
__ __ __ __ __ __ 
__ __ __ 12 __ __ 
Turn 5 has started.
Player 11 moved from (3/3) to (3/4)
Player 12 attacked Player 11 (50)
__ __ __ __ __ __ 
__ __ __ __ __ __ 
__ __ __ __ __ __ 
__ __ __ Ch __ __ 
__ __ __ fi __ __ 
__ __ __ AR __ __ 
--------------
__ __ __ __ __ __ 
__ __ __ __ __ __ 
__ __ __ __ __ __ 
__ __ __ Ch __ __ 
__ __ __ 11 __ __ 
__ __ __ 12 __ __ 
Turn 6 has started.
Player 11 attacked Player 12 (100)
Player 12 attacked Player 11 (50)
__ __ __ __ __ __ 
__ __ __ __ __ __ 
__ __ __ __ __ __ 
__ __ __ Ch __ __ 
__ __ __ fi __ __ 
__ __ __ AR __ __ 
--------------
__ __ __ __ __ __ 
__ __ __ __ __ __ 
__ __ __ __ __ __ 
__ __ __ Ch __ __ 
__ __ __ 11 __ __ 
__ __ __ 12 __ __ 
Turn 7 has started.
Player 11 attacked Player 12 (100)
Player 12 has died.
__ __ __ __ __ __ 
__ __ __ __ __ __ 
__ __ __ __ __ __ 
__ __ __ Ch __ __ 
__ __ __ fi __ __ 
__ __ __ __ __ __ 
--------------
__ __ __ __ __ __ 
__ __ __ __ __ __ 
__ __ __ __ __ __ 
__ __ __ Ch __ __ 
__ __ __ 11 __ __ 
__ __ __ __ __ __ 
Game ended at turn 7. All barbarians dead. Knight victory.
