User Add: Sarah 1
User Add: Sarah 0
---------
Passwords
Sarah Sarahspass
EMPTY EMPTY
EMPTY EMPTY

User Add: Morgan 1
---------
Passwords
EMPTY EMPTY
EMPTY EMPTY
EMPTY EMPTY
Morgan morganspass
EMPTY EMPTY
Sarah Sarahspass
EMPTY EMPTY

User Add: Casey 1
User Add: Vale 1
---------
Passwords
Vale valespass
EMPTY EMPTY
EMPTY EMPTY
Morgan morganspass
Casey caseysspassword
Sarah Sarahspass
EMPTY EMPTY

User Add: Devon 1
---------
Passwords
Morgan morganspass
Vale valespass
Sarah Sarahspass
EMPTY EMPTY
EMPTY EMPTY
EMPTY EMPTY
EMPTY EMPTY
EMPTY EMPTY
Casey caseysspassword
EMPTY EMPTY
EMPTY EMPTY
EMPTY EMPTY
EMPTY EMPTY
EMPTY EMPTY
EMPTY EMPTY
Devon devonspass
EMPTY EMPTY
