Command line:
   RgbMaskModule_isim_beh.exe
     -simmode  gui
     -simrunnum  1
     -socket  58797

Tue May 28 13:59:30 2019


 Elaboration Time: 0.046875 sec

 Current Memory Usage: 5331.85 Meg

 Total Signals          : 27
 Total Nets             : 78
 Total Signal Drivers   : 7
 Total Blocks           : 4
 Total Primitive Blocks : 3
 Total Processes        : 12
 Total Traceable Variables  : 23
 Total Scalar Nets and Variables : 607
Total Line Count : 94

 Total Simulation Time: 0.046875 sec

 Current Memory Usage: 5331.85 Meg

Tue May 28 13:59:35 2019

